C:\USERS\KANGKANG\DESKTOP\FINITE STATE MATCHINE\DEBUG\FINITE STATE MATCHINE.EXE
C:\USERS\KANGKANG\DESKTOP\FINITE STATE MATCHINE\DEBUG\FINITE STATE MATCHINE.ILK
C:\USERS\KANGKANG\DESKTOP\FINITE STATE MATCHINE\DEBUG\FINITE STATE MATCHINE.PDB
C:\Users\Kangkang\Desktop\Finite state matchine\Finite state matchine\Debug\cl.command.1.tlog
C:\Users\Kangkang\Desktop\Finite state matchine\Finite state matchine\Debug\CL.read.1.tlog
C:\Users\Kangkang\Desktop\Finite state matchine\Finite state matchine\Debug\CL.write.1.tlog
C:\USERS\KANGKANG\DESKTOP\FINITE STATE MATCHINE\FINITE STATE MATCHINE\DEBUG\FINITE STATE MATCHINE.EXE.EMBED.MANIFEST
C:\USERS\KANGKANG\DESKTOP\FINITE STATE MATCHINE\FINITE STATE MATCHINE\DEBUG\FINITE STATE MATCHINE.EXE.EMBED.MANIFEST.RES
C:\USERS\KANGKANG\DESKTOP\FINITE STATE MATCHINE\FINITE STATE MATCHINE\DEBUG\FINITE STATE MATCHINE.EXE.INTERMEDIATE.MANIFEST
C:\USERS\KANGKANG\DESKTOP\FINITE STATE MATCHINE\FINITE STATE MATCHINE\DEBUG\FINITE STATE MATCHINE.OBJ
C:\USERS\KANGKANG\DESKTOP\FINITE STATE MATCHINE\FINITE STATE MATCHINE\DEBUG\FINITE STATE MATCHINE.PCH
C:\Users\Kangkang\Desktop\Finite state matchine\Finite state matchine\Debug\Finite state matchine_manifest.rc
C:\Users\Kangkang\Desktop\Finite state matchine\Finite state matchine\Debug\link.7376.read.1.tlog
C:\Users\Kangkang\Desktop\Finite state matchine\Finite state matchine\Debug\link.7376.write.1.tlog
C:\Users\Kangkang\Desktop\Finite state matchine\Finite state matchine\Debug\link.7376-cvtres.read.1.tlog
C:\Users\Kangkang\Desktop\Finite state matchine\Finite state matchine\Debug\link.7376-cvtres.write.1.tlog
C:\Users\Kangkang\Desktop\Finite state matchine\Finite state matchine\Debug\link.command.1.tlog
C:\Users\Kangkang\Desktop\Finite state matchine\Finite state matchine\Debug\link.read.1.tlog
C:\Users\Kangkang\Desktop\Finite state matchine\Finite state matchine\Debug\link.write.1.tlog
C:\Users\Kangkang\Desktop\Finite state matchine\Finite state matchine\Debug\link-cvtres.read.1.tlog
C:\Users\Kangkang\Desktop\Finite state matchine\Finite state matchine\Debug\link-cvtres.write.1.tlog
C:\Users\Kangkang\Desktop\Finite state matchine\Finite state matchine\Debug\mt.command.1.tlog
C:\Users\Kangkang\Desktop\Finite state matchine\Finite state matchine\Debug\mt.read.1.tlog
C:\Users\Kangkang\Desktop\Finite state matchine\Finite state matchine\Debug\mt.write.1.tlog
C:\Users\Kangkang\Desktop\Finite state matchine\Finite state matchine\Debug\rc.command.1.tlog
C:\Users\Kangkang\Desktop\Finite state matchine\Finite state matchine\Debug\rc.read.1.tlog
C:\Users\Kangkang\Desktop\Finite state matchine\Finite state matchine\Debug\rc.write.1.tlog
C:\USERS\KANGKANG\DESKTOP\FINITE STATE MATCHINE\FINITE STATE MATCHINE\DEBUG\STDAFX.OBJ
C:\Users\Kangkang\Desktop\Finite state matchine\Finite state matchine\Debug\vc100.idb
C:\USERS\KANGKANG\DESKTOP\FINITE STATE MATCHINE\FINITE STATE MATCHINE\DEBUG\VC100.PDB
